Compilation started at 2/9/2024, 2:48:45 PM
c:\Users\Vinayaka\OneDrive\Documents\GitHub\c-activity-sets\set02\problem04.c: In function 'main':
c:\Users\Vinayaka\OneDrive\Documents\GitHub\c-activity-sets\set02\problem04.c:8:5: warning: parameter names (without types) in function declaration
     int array(n);
     ^~~
c:\Users\Vinayaka\OneDrive\Documents\GitHub\c-activity-sets\set02\problem04.c:9:19: warning: passing argument 2 of 'input_array' from incompatible pointer type [-Wincompatible-pointer-types]
     input_array(n,array);
                   ^~~~~
c:\Users\Vinayaka\OneDrive\Documents\GitHub\c-activity-sets\set02\problem04.c:3:6: note: expected 'int *' but argument is of type 'int (*)()'
 void input_array(int n, int a[n]);
      ^~~~~~~~~~~
c:\Users\Vinayaka\OneDrive\Documents\GitHub\c-activity-sets\set02\problem04.c:10:37: warning: passing argument 2 of 'sum_composite_numbers' from incompatible pointer type [-Wincompatible-pointer-types]
     int sum=sum_composite_numbers(n,array);
                                     ^~~~~
c:\Users\Vinayaka\OneDrive\Documents\GitHub\c-activity-sets\set02\problem04.c:4:5: note: expected 'int *' but argument is of type 'int (*)()'
 int sum_composite_numbers(int n, int a[n]);
     ^~~~~~~~~~~~~~~~~~~~~
C:\Users\Vinayaka\AppData\Local\Temp\cc87vKWk.o: In function `main':
c:/Users/Vinayaka/OneDrive/Documents/GitHub/c-activity-sets/set02/problem04.c:7: undefined reference to `input_array_size'
c:/Users/Vinayaka/OneDrive/Documents/GitHub/c-activity-sets/set02/problem04.c:9: undefined reference to `array'
c:/Users/Vinayaka/OneDrive/Documents/GitHub/c-activity-sets/set02/problem04.c:10: undefined reference to `array'
collect2.exe: error: ld returned 1 exit status
Compilation finished at 2/9/2024, 2:48:46 PM
Compilation started at 2/9/2024, 2:50:05 PM
c:\Users\Vinayaka\OneDrive\Documents\GitHub\c-activity-sets\set02\problem04.c: In function 'main':
c:\Users\Vinayaka\OneDrive\Documents\GitHub\c-activity-sets\set02\problem04.c:8:5: warning: parameter names (without types) in function declaration
     int array(n);
     ^~~
c:\Users\Vinayaka\OneDrive\Documents\GitHub\c-activity-sets\set02\problem04.c:9:19: warning: passing argument 2 of 'input_array' from incompatible pointer type [-Wincompatible-pointer-types]
     input_array(n,array);
                   ^~~~~
c:\Users\Vinayaka\OneDrive\Documents\GitHub\c-activity-sets\set02\problem04.c:3:6: note: expected 'int *' but argument is of type 'int (*)()'
 void input_array(int n, int a[n]);
      ^~~~~~~~~~~
c:\Users\Vinayaka\OneDrive\Documents\GitHub\c-activity-sets\set02\problem04.c:10:37: warning: passing argument 2 of 'sum_composite_numbers' from incompatible pointer type [-Wincompatible-pointer-types]
     int sum=sum_composite_numbers(n,array);
                                     ^~~~~
c:\Users\Vinayaka\OneDrive\Documents\GitHub\c-activity-sets\set02\problem04.c:4:5: note: expected 'int *' but argument is of type 'int (*)()'
 int sum_composite_numbers(int n, int a[n]);
     ^~~~~~~~~~~~~~~~~~~~~
C:\Users\Vinayaka\AppData\Local\Temp\ccWbd6Id.o: In function `main':
c:/Users/Vinayaka/OneDrive/Documents/GitHub/c-activity-sets/set02/problem04.c:9: undefined reference to `array'
c:/Users/Vinayaka/OneDrive/Documents/GitHub/c-activity-sets/set02/problem04.c:10: undefined reference to `array'
collect2.exe: error: ld returned 1 exit status
Compilation finished at 2/9/2024, 2:50:06 PM
Compilation started at 2/9/2024, 2:53:45 PM
Compilation finished at 2/9/2024, 2:53:47 PM
